<?xml version="1.0" encoding="UTF-8"?>
<!-- Generated by org.testng.reporters.JUnitXMLReporter -->
<testsuite ignored="0" hostname="HASSEN-HP" failures="0" tests="3" name="Default test" time="72.919" errors="0" timestamp="2022-08-15T19:35:34 EDT">
  <testcase classname="testCases.LoginTest" name="login" time="4.091"/>
  <testcase classname="testCases.LoginTest" name="loginDataProvider" time="2.781"/>
  <testcase classname="testCases.LoginTest" name="loginDataProvider" time="12.294"/>
</testsuite> <!-- Default test -->
