<?xml version="1.0" encoding="UTF-8"?>
<!-- Generated by org.testng.reporters.JUnitXMLReporter -->
<testsuite ignored="0" hostname="HASSEN-HP" failures="1" tests="1" name="TestFour" time="28.8" errors="0" timestamp="2022-08-17T12:38:28 EDT">
  <testcase classname="testCases.FourTest" name="testFour" time="2.817">
    <failure type="java.lang.AssertionError" message="expected [true] but found [false]">
      <![CDATA[java.lang.AssertionError: expected [true] but found [false]
at testCases.FourTest.testFour(FourTest.java:27)
at java.base/java.util.ArrayList.forEach(ArrayList.java:1540)
... Removed 31 stack frames]]>
    </failure>
  </testcase> <!-- testFour -->
</testsuite> <!-- TestFour -->
