<?xml version="1.0" encoding="UTF-8"?>
<testng-results ignored="0" total="1" passed="1" failed="0" skipped="0">
  <reporter-output>
  </reporter-output>
  <suite started-at="2022-08-15T13:02:40 EDT" name="Default suite" finished-at="2022-08-15T13:03:30 EDT" duration-ms="50014">
    <groups>
    </groups>
    <test started-at="2022-08-15T13:02:40 EDT" name="Default test" finished-at="2022-08-15T13:03:30 EDT" duration-ms="50014">
      <class name="testCases.LoginTest">
        <test-method signature="login()[pri:0, instance:testCases.LoginTest@53aac487]" started-at="2022-08-15T13:02:40 EDT" name="login" finished-at="2022-08-15T13:03:30 EDT" duration-ms="49944" status="PASS">
          <reporter-output>
          </reporter-output>
        </test-method> <!-- login -->
      </class> <!-- testCases.LoginTest -->
    </test> <!-- Default test -->
  </suite> <!-- Default suite -->
</testng-results>
