<?xml version="1.0" encoding="UTF-8"?>
<testng-results ignored="0" total="3" passed="3" failed="0" skipped="0">
  <reporter-output>
  </reporter-output>
  <suite started-at="2022-08-15T19:34:21 EDT" name="Default suite" finished-at="2022-08-15T19:35:34 EDT" duration-ms="72919">
    <groups>
    </groups>
    <test started-at="2022-08-15T19:34:21 EDT" name="Default test" finished-at="2022-08-15T19:35:34 EDT" duration-ms="72919">
      <class name="testCases.LoginTest">
        <test-method is-config="true" signature="setUp()[pri:0, instance:testCases.LoginTest@1e0b4072]" started-at="2022-08-15T19:34:21 EDT" name="setUp" finished-at="2022-08-15T19:34:36 EDT" duration-ms="15330" status="PASS">
          <reporter-output>
          </reporter-output>
        </test-method> <!-- setUp -->
        <test-method signature="login()[pri:1, instance:testCases.LoginTest@1e0b4072]" started-at="2022-08-15T19:34:36 EDT" name="login" finished-at="2022-08-15T19:34:40 EDT" duration-ms="4091" status="PASS">
          <reporter-output>
          </reporter-output>
        </test-method> <!-- login -->
        <test-method is-config="true" signature="tearDown()[pri:0, instance:testCases.LoginTest@1e0b4072]" started-at="2022-08-15T19:34:40 EDT" name="tearDown" finished-at="2022-08-15T19:34:43 EDT" duration-ms="2798" status="PASS">
          <reporter-output>
          </reporter-output>
        </test-method> <!-- tearDown -->
        <test-method is-config="true" signature="setUp()[pri:0, instance:testCases.LoginTest@1e0b4072]" started-at="2022-08-15T19:34:43 EDT" name="setUp" finished-at="2022-08-15T19:34:59 EDT" duration-ms="15432" status="PASS">
          <reporter-output>
          </reporter-output>
        </test-method> <!-- setUp -->
        <test-method signature="loginDataProvider(java.lang.String, java.lang.String, java.lang.String)[pri:2, instance:testCases.LoginTest@1e0b4072]" started-at="2022-08-15T19:34:59 EDT" name="loginDataProvider" data-provider="getLoginData" finished-at="2022-08-15T19:35:01 EDT" duration-ms="2781" status="PASS">
          <params>
            <param index="0">
              <value>
                <![CDATA[arun.selenium@gmail.com]]>
              </value>
            </param>
            <param index="1">
              <value>
                <![CDATA[Second@123]]>
              </value>
            </param>
            <param index="2">
              <value>
                <![CDATA[Sucessfull]]>
              </value>
            </param>
          </params>
          <reporter-output>
          </reporter-output>
        </test-method> <!-- loginDataProvider -->
        <test-method is-config="true" signature="tearDown()[pri:0, instance:testCases.LoginTest@1e0b4072]" started-at="2022-08-15T19:35:01 EDT" name="tearDown" finished-at="2022-08-15T19:35:04 EDT" duration-ms="2723" status="PASS">
          <reporter-output>
          </reporter-output>
        </test-method> <!-- tearDown -->
        <test-method is-config="true" signature="setUp()[pri:0, instance:testCases.LoginTest@1e0b4072]" started-at="2022-08-15T19:35:04 EDT" name="setUp" finished-at="2022-08-15T19:35:19 EDT" duration-ms="14960" status="PASS">
          <reporter-output>
          </reporter-output>
        </test-method> <!-- setUp -->
        <test-method signature="loginDataProvider(java.lang.String, java.lang.String, java.lang.String)[pri:2, instance:testCases.LoginTest@1e0b4072]" started-at="2022-08-15T19:35:19 EDT" name="loginDataProvider" data-provider="getLoginData" finished-at="2022-08-15T19:35:31 EDT" duration-ms="12294" status="PASS">
          <params>
            <param index="0">
              <value>
                <![CDATA[dummy@test.com]]>
              </value>
            </param>
            <param index="1">
              <value>
                <![CDATA[dummy]]>
              </value>
            </param>
            <param index="2">
              <value>
                <![CDATA[Failure]]>
              </value>
            </param>
          </params>
          <reporter-output>
          </reporter-output>
        </test-method> <!-- loginDataProvider -->
        <test-method is-config="true" signature="tearDown()[pri:0, instance:testCases.LoginTest@1e0b4072]" started-at="2022-08-15T19:35:31 EDT" name="tearDown" finished-at="2022-08-15T19:35:34 EDT" duration-ms="2446" status="PASS">
          <reporter-output>
          </reporter-output>
        </test-method> <!-- tearDown -->
      </class> <!-- testCases.LoginTest -->
    </test> <!-- Default test -->
  </suite> <!-- Default suite -->
</testng-results>
