<?xml version="1.0" encoding="UTF-8"?>
<testng-results ignored="0" total="6" passed="5" failed="1" skipped="0">
  <reporter-output>
  </reporter-output>
  <suite started-at="2022-08-17T12:37:59 EDT" name="Suite" finished-at="2022-08-17T12:41:33 EDT" duration-ms="214062">
    <groups>
    </groups>
    <test started-at="2022-08-17T12:37:59 EDT" name="TestFour" finished-at="2022-08-17T12:38:28 EDT" duration-ms="28800">
      <class name="testCases.FourTest">
        <test-method is-config="true" signature="setUP()[pri:0, instance:testCases.FourTest@32a68f4f]" started-at="2022-08-17T12:37:59 EDT" name="setUP" finished-at="2022-08-17T12:38:22 EDT" duration-ms="23582" status="PASS">
          <reporter-output>
          </reporter-output>
        </test-method> <!-- setUP -->
        <test-method signature="testFour()[pri:0, instance:testCases.FourTest@32a68f4f]" started-at="2022-08-17T12:38:22 EDT" name="testFour" finished-at="2022-08-17T12:38:25 EDT" duration-ms="2817" status="FAIL">
          <exception class="java.lang.AssertionError">
            <message>
              <![CDATA[expected [true] but found [false]]]>
            </message>
            <full-stacktrace>
              <![CDATA[java.lang.AssertionError: expected [true] but found [false]
at org.testng.Assert.fail(Assert.java:99)
at org.testng.Assert.failNotEquals(Assert.java:1037)
at org.testng.Assert.assertTrue(Assert.java:45)
at org.testng.Assert.assertTrue(Assert.java:55)
at testCases.FourTest.testFour(FourTest.java:27)
at java.base/jdk.internal.reflect.NativeMethodAccessorImpl.invoke0(Native Method)
at java.base/jdk.internal.reflect.NativeMethodAccessorImpl.invoke(NativeMethodAccessorImpl.java:62)
at java.base/jdk.internal.reflect.DelegatingMethodAccessorImpl.invoke(DelegatingMethodAccessorImpl.java:43)
at java.base/java.lang.reflect.Method.invoke(Method.java:566)
at org.testng.internal.MethodInvocationHelper.invokeMethod(MethodInvocationHelper.java:133)
at org.testng.internal.TestInvoker.invokeMethod(TestInvoker.java:598)
at org.testng.internal.TestInvoker.invokeTestMethod(TestInvoker.java:173)
at org.testng.internal.MethodRunner.runInSequence(MethodRunner.java:46)
at org.testng.internal.TestInvoker$MethodInvocationAgent.invoke(TestInvoker.java:824)
at org.testng.internal.TestInvoker.invokeTestMethods(TestInvoker.java:146)
at org.testng.internal.TestMethodWorker.invokeTestMethods(TestMethodWorker.java:146)
at org.testng.internal.TestMethodWorker.run(TestMethodWorker.java:128)
at java.base/java.util.ArrayList.forEach(ArrayList.java:1540)
at org.testng.TestRunner.privateRun(TestRunner.java:794)
at org.testng.TestRunner.run(TestRunner.java:596)
at org.testng.SuiteRunner.runTest(SuiteRunner.java:377)
at org.testng.SuiteRunner.runSequentially(SuiteRunner.java:371)
at org.testng.SuiteRunner.privateRun(SuiteRunner.java:332)
at org.testng.SuiteRunner.run(SuiteRunner.java:276)
at org.testng.SuiteRunnerWorker.runSuite(SuiteRunnerWorker.java:53)
at org.testng.SuiteRunnerWorker.run(SuiteRunnerWorker.java:96)
at org.testng.TestNG.runSuitesSequentially(TestNG.java:1212)
at org.testng.TestNG.runSuitesLocally(TestNG.java:1134)
at org.testng.TestNG.runSuites(TestNG.java:1063)
at org.testng.TestNG.run(TestNG.java:1031)
at org.testng.remote.AbstractRemoteTestNG.run(AbstractRemoteTestNG.java:115)
at org.testng.remote.RemoteTestNG.initAndRun(RemoteTestNG.java:251)
at org.testng.remote.RemoteTestNG.main(RemoteTestNG.java:77)
]]>
            </full-stacktrace>
          </exception> <!-- java.lang.AssertionError -->
          <reporter-output>
          </reporter-output>
        </test-method> <!-- testFour -->
        <test-method is-config="true" signature="closebrowser()[pri:0, instance:testCases.FourTest@32a68f4f]" started-at="2022-08-17T12:38:26 EDT" name="closebrowser" finished-at="2022-08-17T12:38:28 EDT" duration-ms="1882" status="PASS">
          <reporter-output>
          </reporter-output>
        </test-method> <!-- closebrowser -->
      </class> <!-- testCases.FourTest -->
    </test> <!-- TestFour -->
    <test started-at="2022-08-17T12:38:28 EDT" name="TestTwo" finished-at="2022-08-17T12:39:12 EDT" duration-ms="43376">
      <class name="testCases.TwoTest">
        <test-method is-config="true" signature="setUP()[pri:0, instance:testCases.TwoTest@3a12c404]" started-at="2022-08-17T12:38:28 EDT" name="setUP" finished-at="2022-08-17T12:38:48 EDT" duration-ms="19599" status="PASS">
          <reporter-output>
          </reporter-output>
        </test-method> <!-- setUP -->
        <test-method signature="testTwo()[pri:0, instance:testCases.TwoTest@3a12c404]" started-at="2022-08-17T12:38:48 EDT" name="testTwo" finished-at="2022-08-17T12:39:07 EDT" duration-ms="19194" status="PASS">
          <reporter-output>
          </reporter-output>
        </test-method> <!-- testTwo -->
        <test-method is-config="true" signature="closebrowser()[pri:0, instance:testCases.TwoTest@3a12c404]" started-at="2022-08-17T12:39:07 EDT" name="closebrowser" finished-at="2022-08-17T12:39:12 EDT" duration-ms="4577" status="PASS">
          <reporter-output>
          </reporter-output>
        </test-method> <!-- closebrowser -->
      </class> <!-- testCases.TwoTest -->
    </test> <!-- TestTwo -->
    <test started-at="2022-08-17T12:39:12 EDT" name="TestThree" finished-at="2022-08-17T12:39:41 EDT" duration-ms="28690">
      <class name="testCases.ThreeTest">
        <test-method is-config="true" signature="setUP()[pri:0, instance:testCases.ThreeTest@4982cc36]" started-at="2022-08-17T12:39:12 EDT" name="setUP" finished-at="2022-08-17T12:39:34 EDT" duration-ms="22133" status="PASS">
          <reporter-output>
          </reporter-output>
        </test-method> <!-- setUP -->
        <test-method signature="testThree()[pri:0, instance:testCases.ThreeTest@4982cc36]" started-at="2022-08-17T12:39:34 EDT" name="testThree" finished-at="2022-08-17T12:39:36 EDT" duration-ms="2013" status="PASS">
          <reporter-output>
          </reporter-output>
        </test-method> <!-- testThree -->
        <test-method is-config="true" signature="closebrowser()[pri:0, instance:testCases.ThreeTest@4982cc36]" started-at="2022-08-17T12:39:36 EDT" name="closebrowser" finished-at="2022-08-17T12:39:41 EDT" duration-ms="4541" status="PASS">
          <reporter-output>
          </reporter-output>
        </test-method> <!-- closebrowser -->
      </class> <!-- testCases.ThreeTest -->
    </test> <!-- TestThree -->
    <test started-at="2022-08-17T12:39:41 EDT" name="LoginTest" finished-at="2022-08-17T12:41:33 EDT" duration-ms="112204">
      <class name="testCases.LoginTest">
        <test-method is-config="true" signature="openApplication()[pri:0, instance:testCases.LoginTest@2445445a]" started-at="2022-08-17T12:39:41 EDT" name="openApplication" finished-at="2022-08-17T12:40:04 EDT" duration-ms="23234" status="PASS">
          <reporter-output>
          </reporter-output>
        </test-method> <!-- openApplication -->
        <test-method signature="login()[pri:1, instance:testCases.LoginTest@2445445a]" started-at="2022-08-17T12:40:04 EDT" name="login" finished-at="2022-08-17T12:40:14 EDT" duration-ms="10567" status="PASS">
          <reporter-output>
          </reporter-output>
        </test-method> <!-- login -->
        <test-method is-config="true" signature="closure()[pri:0, instance:testCases.LoginTest@2445445a]" started-at="2022-08-17T12:40:14 EDT" name="closure" finished-at="2022-08-17T12:40:22 EDT" duration-ms="7380" status="PASS">
          <reporter-output>
          </reporter-output>
        </test-method> <!-- closure -->
        <test-method is-config="true" signature="openApplication()[pri:0, instance:testCases.LoginTest@2445445a]" started-at="2022-08-17T12:40:22 EDT" name="openApplication" finished-at="2022-08-17T12:40:43 EDT" duration-ms="21570" status="PASS">
          <reporter-output>
          </reporter-output>
        </test-method> <!-- openApplication -->
        <test-method signature="login(java.lang.String,java.lang.String,java.lang.String)[pri:2, instance:testCases.LoginTest@2445445a]" started-at="2022-08-17T12:40:43 EDT" name="login" data-provider="getLoginData" finished-at="2022-08-17T12:40:52 EDT" duration-ms="8218" status="PASS">
          <params>
            <param index="0">
              <value>
                <![CDATA[arun.selenium@gmail.com]]>
              </value>
            </param>
            <param index="1">
              <value>
                <![CDATA[Second@123]]>
              </value>
            </param>
            <param index="2">
              <value>
                <![CDATA[Success]]>
              </value>
            </param>
          </params>
          <reporter-output>
          </reporter-output>
        </test-method> <!-- login -->
        <test-method is-config="true" signature="closure()[pri:0, instance:testCases.LoginTest@2445445a]" started-at="2022-08-17T12:40:52 EDT" name="closure" finished-at="2022-08-17T12:40:55 EDT" duration-ms="2970" status="PASS">
          <reporter-output>
          </reporter-output>
        </test-method> <!-- closure -->
        <test-method is-config="true" signature="openApplication()[pri:0, instance:testCases.LoginTest@2445445a]" started-at="2022-08-17T12:40:55 EDT" name="openApplication" finished-at="2022-08-17T12:41:15 EDT" duration-ms="20462" status="PASS">
          <reporter-output>
          </reporter-output>
        </test-method> <!-- openApplication -->
        <test-method signature="login(java.lang.String,java.lang.String,java.lang.String)[pri:2, instance:testCases.LoginTest@2445445a]" started-at="2022-08-17T12:41:15 EDT" name="login" data-provider="getLoginData" finished-at="2022-08-17T12:41:30 EDT" duration-ms="15231" status="PASS">
          <params>
            <param index="0">
              <value>
                <![CDATA[dummy@test.com]]>
              </value>
            </param>
            <param index="1">
              <value>
                <![CDATA[1234]]>
              </value>
            </param>
            <param index="2">
              <value>
                <![CDATA[Failure]]>
              </value>
            </param>
          </params>
          <reporter-output>
          </reporter-output>
        </test-method> <!-- login -->
        <test-method is-config="true" signature="closure()[pri:0, instance:testCases.LoginTest@2445445a]" started-at="2022-08-17T12:41:30 EDT" name="closure" finished-at="2022-08-17T12:41:33 EDT" duration-ms="2558" status="PASS">
          <reporter-output>
          </reporter-output>
        </test-method> <!-- closure -->
      </class> <!-- testCases.LoginTest -->
    </test> <!-- LoginTest -->
  </suite> <!-- Suite -->
</testng-results>
